[INFO](2023/06/08/ 02:22:19 PM) 
[WELCOME] Unfolding configurations...!
[INFO](2023/06/08/ 02:22:19 PM) {'global_config': {'seed': 500, 'device': 'cuda', 'is_mp': True}}
[INFO](2023/06/08/ 02:22:19 PM) {'data_config': {'data_path': './data/', 'save_img_path': '/mnt/sda/li/', 'dataset_name': 'MNIST', 'num_shards': 200, 'iid': False}}
[INFO](2023/06/08/ 02:22:19 PM) {'fed_config': {'C': 0.1, 'K': 3, 'R': 1, 'E': 1, 'B': 4, 'criterion': 'DiceLoss', 'optimizer': 'torch.optim.Adam'}}
[INFO](2023/06/08/ 02:22:19 PM) {'optim_config': {'lr': '2e-4', 'momentum': 0.9}}
[INFO](2023/06/08/ 02:22:19 PM) {'init_config': {'init_type': 'xavier', 'init_gain': 1.0, 'gpu_ids': [0, 1, 2]}}
[INFO](2023/06/08/ 02:22:19 PM) {'model_config': {'name': 'UNet', 'in_channels': 1, 'num_classes': 4}}
[INFO](2023/06/08/ 02:22:19 PM) {'log_config': {'log_path': './log/06.08_14h22/', 'log_name': 'FL.log', 'tb_port': 5252, 'tb_host': '0.0.0.0'}}
[INFO](2023/06/08/ 02:22:20 PM) [Round: 0000] ...successfully initialized model (# parameters: 7765508)!
[INFO](2023/06/08/ 02:22:21 PM) [Round: 0000] ...successfully created all 3 clients!
[INFO](2023/06/08/ 02:22:21 PM) [Round: 0000] ...successfully finished setup of all 3 clients!
[INFO](2023/06/08/ 02:22:21 PM) [Round: 0000] ...successfully transmitted models to all 3 clients!
[INFO](2023/06/08/ 02:22:21 PM) [Round: 0001] Select clients...!
[INFO](2023/06/08/ 02:22:21 PM) [Round: 0001] ...successfully transmitted models to 3 selected clients!
[INFO](2023/06/08/ 02:22:21 PM) [Round: 0001] Start updating selected client 0000...!
[INFO](2023/06/08/ 02:22:21 PM) [Round: 0001] Start updating selected client 0001...!
[INFO](2023/06/08/ 02:22:21 PM) [Round: 0001] Start updating selected client 0002...!
[INFO](2023/06/08/ 02:23:57 PM) [Round: 0001] ...client 0000 is selected and updated (with total sample size: 840)! train_loss:0.5708
[INFO](2023/06/08/ 02:24:08 PM) [Round: 0001] ...client 0002 is selected and updated (with total sample size: 898)! train_loss:0.7039
[INFO](2023/06/08/ 02:24:47 PM) [Round: 0001] ...client 0001 is selected and updated (with total sample size: 1730)! train_loss:0.5375
[INFO](2023/06/08/ 02:24:47 PM) [Round: 0001] Evaluate selected 3 clients' models...!
