[INFO](2023/06/08/ 02:41:59 PM) 
[WELCOME] Unfolding configurations...!
[INFO](2023/06/08/ 02:41:59 PM) {'global_config': {'seed': 500, 'device': 'cuda', 'is_mp': True}}
[INFO](2023/06/08/ 02:41:59 PM) {'data_config': {'data_path': './data/', 'save_img_path': './', 'dataset_name': 'MNIST', 'num_shards': 200, 'iid': False}}
[INFO](2023/06/08/ 02:41:59 PM) {'fed_config': {'C': 0.1, 'K': 3, 'R': 2, 'E': 1, 'B': 4, 'criterion': 'DiceLoss', 'optimizer': 'torch.optim.Adam'}}
[INFO](2023/06/08/ 02:41:59 PM) {'optim_config': {'lr': '2e-4', 'momentum': 0.9}}
[INFO](2023/06/08/ 02:41:59 PM) {'init_config': {'init_type': 'xavier', 'init_gain': 1.0, 'gpu_ids': [0, 1, 2]}}
[INFO](2023/06/08/ 02:41:59 PM) {'model_config': {'name': 'UNet', 'in_channels': 1, 'num_classes': 4}}
[INFO](2023/06/08/ 02:41:59 PM) {'log_config': {'log_path': './log/06.08_14h41/', 'log_name': 'FL.log', 'tb_port': 5252, 'tb_host': '0.0.0.0'}}
[INFO](2023/06/08/ 02:42:00 PM) [Round: 0000] ...successfully initialized model (# parameters: 7765508)!
[INFO](2023/06/08/ 02:42:00 PM) [Round: 0000] ...successfully created all 3 clients!
[INFO](2023/06/08/ 02:42:00 PM) [Round: 0000] ...successfully finished setup of all 3 clients!
[INFO](2023/06/08/ 02:42:00 PM) [Round: 0000] ...successfully transmitted models to all 3 clients!
[INFO](2023/06/08/ 02:42:01 PM) [Round: 0001] Select clients...!
[INFO](2023/06/08/ 02:42:01 PM) [Round: 0001] ...successfully transmitted models to 3 selected clients!
[INFO](2023/06/08/ 02:42:01 PM) [Round: 0001] Start updating selected client 0002...!
[INFO](2023/06/08/ 02:42:01 PM) [Round: 0001] Start updating selected client 0000...!
[INFO](2023/06/08/ 02:42:01 PM) [Round: 0001] Start updating selected client 0001...!
[INFO](2023/06/08/ 02:42:03 PM) [Round: 0001] ...client 0000 is selected and updated (with total sample size: 1)! train_loss:[0.9057930111885071]
[INFO](2023/06/08/ 02:42:03 PM) [Round: 0001] ...client 0002 is selected and updated (with total sample size: 1)! train_loss:[0.9084810614585876]
[INFO](2023/06/08/ 02:42:03 PM) [Round: 0001] ...client 0001 is selected and updated (with total sample size: 1)! train_loss:[0.9090985059738159]
[INFO](2023/06/08/ 02:42:03 PM) [Round: 0001] Evaluate selected 3 clients' models...!
[INFO](2023/06/08/ 02:42:03 PM) 	[Client 0001] ...finished evaluation!            
	=> Test loss: 0.9490            
	=> test_dice: 5.10%

[INFO](2023/06/08/ 02:42:03 PM) 	 Saving best model, mean dice increased from: 0.0000 to 0.0510
[INFO](2023/06/08/ 02:42:03 PM) 	[Client 0000] ...finished evaluation!            
	=> Test loss: 0.9743            
	=> test_dice: 2.57%

[INFO](2023/06/08/ 02:42:03 PM) 	 Saving best model, mean dice increased from: 0.0000 to 0.0257
[INFO](2023/06/08/ 02:42:03 PM) 	 Saving to ./fedbestmodels/0/
[INFO](2023/06/08/ 02:42:03 PM) 	 Saving to ./fedbestmodels/1/
[INFO](2023/06/08/ 02:42:03 PM) 	[Client 0002] ...finished evaluation!            
	=> Test loss: 0.9746            
	=> test_dice: 2.54%

[INFO](2023/06/08/ 02:42:03 PM) 	 Saving best model, mean dice increased from: 0.0000 to 0.0254
[INFO](2023/06/08/ 02:42:03 PM) 	 Saving to ./fedbestmodels/2/
[INFO](2023/06/08/ 02:42:03 PM) [Round: 0001] Aggregate updated weights of 3 clients...!
[INFO](2023/06/08/ 02:42:04 PM) [Round: 0001] ...updated weights of 3 clients are successfully averaged!
[INFO](2023/06/08/ 02:42:06 PM) [Round: 0001] Evaluate global model's performance...!                
	[Server] ...finished evaluation!                
	=> Loss: 0.9397                
	=> Dice: 6.03%

[INFO](2023/06/08/ 02:42:06 PM) [Round: 0002] Select clients...!
[INFO](2023/06/08/ 02:42:06 PM) [Round: 0002] ...successfully transmitted models to 3 selected clients!
[INFO](2023/06/08/ 02:42:06 PM) [Round: 0002] Start updating selected client 0000...!
[INFO](2023/06/08/ 02:42:06 PM) [Round: 0002] Start updating selected client 0001...!
[INFO](2023/06/08/ 02:42:06 PM) [Round: 0002] Start updating selected client 0002...!
[INFO](2023/06/08/ 02:42:07 PM) [Round: 0002] ...client 0002 is selected and updated (with total sample size: 1)! train_loss:[0.8947291970252991]
[INFO](2023/06/08/ 02:42:07 PM) [Round: 0002] ...client 0000 is selected and updated (with total sample size: 1)! train_loss:[0.8928567171096802]
[INFO](2023/06/08/ 02:42:07 PM) [Round: 0002] ...client 0001 is selected and updated (with total sample size: 1)! train_loss:[0.8793802261352539]
[INFO](2023/06/08/ 02:42:07 PM) [Round: 0002] Evaluate selected 3 clients' models...!
[INFO](2023/06/08/ 02:42:07 PM) 	[Client 0002] ...finished evaluation!            
	=> Test loss: 0.9677            
	=> test_dice: 3.23%

[INFO](2023/06/08/ 02:42:07 PM) 	 Saving best model, mean dice increased from: 0.0254 to 0.0323
[INFO](2023/06/08/ 02:42:07 PM) 	 Saving to ./fedbestmodels/2/
[INFO](2023/06/08/ 02:42:07 PM) 	[Client 0001] ...finished evaluation!            
	=> Test loss: 0.9466            
	=> test_dice: 5.34%

[INFO](2023/06/08/ 02:42:07 PM) 	 Saving best model, mean dice increased from: 0.0510 to 0.0534
[INFO](2023/06/08/ 02:42:07 PM) 	 Saving to ./fedbestmodels/1/
[INFO](2023/06/08/ 02:42:07 PM) 	[Client 0000] ...finished evaluation!            
	=> Test loss: 0.9667            
	=> test_dice: 3.33%

[INFO](2023/06/08/ 02:42:07 PM) 	 Saving best model, mean dice increased from: 0.0257 to 0.0333
[INFO](2023/06/08/ 02:42:07 PM) 	 Saving to ./fedbestmodels/0/
[INFO](2023/06/08/ 02:42:07 PM) [Round: 0002] Aggregate updated weights of 3 clients...!
[INFO](2023/06/08/ 02:42:07 PM) [Round: 0002] ...updated weights of 3 clients are successfully averaged!
[INFO](2023/06/08/ 02:42:10 PM) [Round: 0002] Evaluate global model's performance...!                
	[Server] ...finished evaluation!                
	=> Loss: 0.9265                
	=> Dice: 7.35%

[INFO](2023/06/08/ 02:42:10 PM) [Round: 0002] ...successfully transmitted models to all 3 clients!
[INFO](2023/06/08/ 02:42:10 PM) ...done all learning process!
...exit program!
