[INFO](2023/06/13/ 01:50:29 PM) 
[WELCOME] Unfolding configurations...!
[INFO](2023/06/13/ 01:50:29 PM) {'global_config': {'seed': 500, 'device': 'cuda:0', 'is_mp': True}}
[INFO](2023/06/13/ 01:50:29 PM) {'data_config': {'data_path': './data/', 'save_img_path': '/mnt/sda/li/', 'dataset_name': 'MNIST', 'num_shards': 200, 'iid': False}}
[INFO](2023/06/13/ 01:50:29 PM) {'fed_config': {'C': 0.1, 'K': 3, 'R': 30, 'E': 20, 'B': 16, 'criterion': 'DiceLoss', 'optimizer': 'torch.optim.Adam'}}
[INFO](2023/06/13/ 01:50:29 PM) {'optim_config': {'lr': '2e-4', 'momentum': 0.9}}
[INFO](2023/06/13/ 01:50:29 PM) {'init_config': {'init_type': 'xavier', 'init_gain': 1.0, 'gpu_ids': [0, 1, 2]}}
[INFO](2023/06/13/ 01:50:29 PM) {'model_config': {'name': 'UNet', 'in_channels': 1, 'num_classes': 5}}
[INFO](2023/06/13/ 01:50:29 PM) {'log_config': {'log_path': './log/06.13_13h50/', 'log_name': 'FL.log', 'tb_port': 5252, 'tb_host': '0.0.0.0'}}
[INFO](2023/06/13/ 01:50:33 PM) [Round: 0000] ...successfully initialized model (# parameters: 11476381)!
[INFO](2023/06/13/ 01:50:33 PM) [Round: 0000] ...successfully created all 3 clients!
[INFO](2023/06/13/ 01:50:33 PM) [Round: 0000] ...successfully finished setup of all 3 clients!
[INFO](2023/06/13/ 01:50:33 PM) [Round: 0000] ...successfully transmitted models to all 3 clients!
[INFO](2023/06/13/ 01:50:33 PM) [Round: 0001] Select clients...!
[INFO](2023/06/13/ 01:50:33 PM) [Round: 0001] ...successfully transmitted models to 2 selected clients!
[INFO](2023/06/13/ 01:50:33 PM) [Round: 0001] Start updating selected client 0000...!
[INFO](2023/06/13/ 01:50:33 PM) [Round: 0001] Start updating selected client 0001...!
[INFO](2023/06/13/ 01:54:21 PM) 	[Client 0000] ...finished training!            
	=> Tain loss: 0.5303

[INFO](2023/06/13/ 01:54:21 PM) [Round: 0001] ...client 0000 is selected and updated (with total sample size: 304)! train_loss:0.5303224837309436
[INFO](2023/06/13/ 01:54:23 PM) 	[Client 0001] ...finished training!            
	=> Tain loss: 0.5205

[INFO](2023/06/13/ 01:54:23 PM) [Round: 0001] ...client 0001 is selected and updated (with total sample size: 300)! train_loss:0.5205381102467838
[INFO](2023/06/13/ 01:54:24 PM) [Round: 0001] Evaluate selected 2 clients' models...!
[INFO](2023/06/13/ 01:54:26 PM) 	[Client 0001] ...finished evaluation!            
	=> Test loss: 0.5119            
	=> test_dice: 48.81%

[INFO](2023/06/13/ 01:54:26 PM) 	 Saving best model, mean dice increased from: 0.0000 to 0.4881
[INFO](2023/06/13/ 01:54:26 PM) 	 Saving to ./fedbestmodels/1/
[INFO](2023/06/13/ 01:54:26 PM) 	[Client 0000] ...finished evaluation!            
	=> Test loss: 0.4065            
	=> test_dice: 59.35%

[INFO](2023/06/13/ 01:54:26 PM) 	 Saving best model, mean dice increased from: 0.0000 to 0.5935
[INFO](2023/06/13/ 01:54:26 PM) 	 Saving to ./fedbestmodels/0/
[INFO](2023/06/13/ 01:54:26 PM) [Round: 0001] Aggregate updated weights of 2 clients...!
[INFO](2023/06/13/ 01:54:26 PM) [Round: 0001] ...updated weights of 2 clients are successfully averaged!
[INFO](2023/06/13/ 01:54:28 PM) 	 Saving best model, mean dice increased from: 0.0000 to 0.3003
[INFO](2023/06/13/ 01:54:28 PM) 	 Saving to ./global_model
[INFO](2023/06/13/ 01:54:28 PM) [Round: 0001] Evaluate global model's performance...!                
	[Server] ...finished evaluation!                
	=> Loss: 0.6997                
	=> Dice: 30.03%

[INFO](2023/06/13/ 01:54:28 PM) [Round: 0002] Select clients...!
[INFO](2023/06/13/ 01:54:28 PM) [Round: 0002] ...successfully transmitted models to 2 selected clients!
[INFO](2023/06/13/ 01:54:28 PM) [Round: 0002] Start updating selected client 0000...!
[INFO](2023/06/13/ 01:54:28 PM) [Round: 0002] Start updating selected client 0002...!
[INFO](2023/06/13/ 01:58:15 PM) 	[Client 0000] ...finished training!            
	=> Tain loss: 0.2947

[INFO](2023/06/13/ 01:58:15 PM) [Round: 0002] ...client 0000 is selected and updated (with total sample size: 304)! train_loss:0.2947130462448848
[INFO](2023/06/13/ 01:58:51 PM) 	[Client 0002] ...finished training!            
	=> Tain loss: 0.4085

[INFO](2023/06/13/ 01:58:51 PM) [Round: 0002] ...client 0002 is selected and updated (with total sample size: 301)! train_loss:0.4085190905552161
[INFO](2023/06/13/ 01:58:51 PM) [Round: 0002] Evaluate selected 2 clients' models...!
[INFO](2023/06/13/ 01:58:57 PM) 	[Client 0000] ...finished evaluation!            
	=> Test loss: 0.3344            
	=> test_dice: 66.56%

[INFO](2023/06/13/ 01:58:57 PM) 	 Saving best model, mean dice increased from: 0.5935 to 0.6656
[INFO](2023/06/13/ 01:58:57 PM) 	 Saving to ./fedbestmodels/0/
[INFO](2023/06/13/ 01:58:57 PM) 	[Client 0002] ...finished evaluation!            
	=> Test loss: 0.4055            
	=> test_dice: 59.45%

[INFO](2023/06/13/ 01:58:58 PM) 	 Saving best model, mean dice increased from: 0.0000 to 0.5945
[INFO](2023/06/13/ 01:58:58 PM) 	 Saving to ./fedbestmodels/2/
[INFO](2023/06/13/ 01:58:58 PM) [Round: 0002] Aggregate updated weights of 2 clients...!
[INFO](2023/06/13/ 01:59:03 PM) [Round: 0002] ...updated weights of 2 clients are successfully averaged!
[INFO](2023/06/13/ 01:59:05 PM) 	 Saving best model, mean dice increased from: 0.0000 to 0.4437
[INFO](2023/06/13/ 01:59:05 PM) 	 Saving to ./global_model
[INFO](2023/06/13/ 01:59:05 PM) [Round: 0002] Evaluate global model's performance...!                
	[Server] ...finished evaluation!                
	=> Loss: 0.5563                
	=> Dice: 44.37%

[INFO](2023/06/13/ 01:59:06 PM) [Round: 0003] Select clients...!
[INFO](2023/06/13/ 01:59:06 PM) [Round: 0003] ...successfully transmitted models to 2 selected clients!
[INFO](2023/06/13/ 01:59:06 PM) [Round: 0003] Start updating selected client 0002...!
[INFO](2023/06/13/ 01:59:06 PM) [Round: 0003] Start updating selected client 0000...!
[INFO](2023/06/13/ 02:02:53 PM) 	[Client 0000] ...finished training!            
	=> Tain loss: 0.2011

[INFO](2023/06/13/ 02:02:54 PM) [Round: 0003] ...client 0000 is selected and updated (with total sample size: 304)! train_loss:0.20108734439862402
[INFO](2023/06/13/ 02:03:13 PM) 	[Client 0002] ...finished training!            
	=> Tain loss: 0.3011

[INFO](2023/06/13/ 02:03:13 PM) [Round: 0003] ...client 0002 is selected and updated (with total sample size: 301)! train_loss:0.3011394065069525
[INFO](2023/06/13/ 02:03:13 PM) [Round: 0003] Evaluate selected 2 clients' models...!
[INFO](2023/06/13/ 02:03:16 PM) 	[Client 0002] ...finished evaluation!            
	=> Test loss: 0.3423            
	=> test_dice: 65.77%

[INFO](2023/06/13/ 02:03:16 PM) 	 Saving best model, mean dice increased from: 0.5945 to 0.6577
[INFO](2023/06/13/ 02:03:16 PM) 	 Saving to ./fedbestmodels/2/
[INFO](2023/06/13/ 02:03:16 PM) 	[Client 0000] ...finished evaluation!            
	=> Test loss: 0.2812            
	=> test_dice: 71.88%

[INFO](2023/06/13/ 02:03:16 PM) 	 Saving best model, mean dice increased from: 0.6656 to 0.7188
[INFO](2023/06/13/ 02:03:16 PM) 	 Saving to ./fedbestmodels/0/
[INFO](2023/06/13/ 02:03:16 PM) [Round: 0003] Aggregate updated weights of 2 clients...!
[INFO](2023/06/13/ 02:03:16 PM) [Round: 0003] ...updated weights of 2 clients are successfully averaged!
[INFO](2023/06/13/ 02:03:18 PM) 	 Saving best model, mean dice increased from: 0.0000 to 0.5681
[INFO](2023/06/13/ 02:03:18 PM) 	 Saving to ./global_model
[INFO](2023/06/13/ 02:03:18 PM) [Round: 0003] Evaluate global model's performance...!                
	[Server] ...finished evaluation!                
	=> Loss: 0.4319                
	=> Dice: 56.81%

[INFO](2023/06/13/ 02:03:18 PM) [Round: 0004] Select clients...!
[INFO](2023/06/13/ 02:03:18 PM) [Round: 0004] ...successfully transmitted models to 2 selected clients!
[INFO](2023/06/13/ 02:03:18 PM) [Round: 0004] Start updating selected client 0000...!
[INFO](2023/06/13/ 02:03:19 PM) [Round: 0004] Start updating selected client 0002...!
[INFO](2023/06/13/ 02:07:34 PM) 	[Client 0000] ...finished training!            
	=> Tain loss: 0.1213

[INFO](2023/06/13/ 02:07:34 PM) [Round: 0004] ...client 0000 is selected and updated (with total sample size: 304)! train_loss:0.12132730844773744
[INFO](2023/06/13/ 02:07:49 PM) 	[Client 0002] ...finished training!            
	=> Tain loss: 0.2185

[INFO](2023/06/13/ 02:07:49 PM) [Round: 0004] ...client 0002 is selected and updated (with total sample size: 301)! train_loss:0.21851469713606334
[INFO](2023/06/13/ 02:07:49 PM) [Round: 0004] Evaluate selected 2 clients' models...!
[INFO](2023/06/13/ 02:07:52 PM) 	[Client 0000] ...finished evaluation!            
	=> Test loss: 0.2488            
	=> test_dice: 75.12%

[INFO](2023/06/13/ 02:07:52 PM) 	 Saving best model, mean dice increased from: 0.7188 to 0.7512
[INFO](2023/06/13/ 02:07:52 PM) 	 Saving to ./fedbestmodels/0/
[INFO](2023/06/13/ 02:07:52 PM) 	[Client 0002] ...finished evaluation!            
	=> Test loss: 0.3008            
	=> test_dice: 69.92%

[INFO](2023/06/13/ 02:07:52 PM) 	 Saving best model, mean dice increased from: 0.6577 to 0.6992
[INFO](2023/06/13/ 02:07:52 PM) 	 Saving to ./fedbestmodels/2/
[INFO](2023/06/13/ 02:07:52 PM) [Round: 0004] Aggregate updated weights of 2 clients...!
[INFO](2023/06/13/ 02:07:52 PM) [Round: 0004] ...updated weights of 2 clients are successfully averaged!
[INFO](2023/06/13/ 02:07:54 PM) 	 Saving best model, mean dice increased from: 0.0000 to 0.6152
[INFO](2023/06/13/ 02:07:54 PM) 	 Saving to ./global_model
[INFO](2023/06/13/ 02:07:54 PM) [Round: 0004] Evaluate global model's performance...!                
	[Server] ...finished evaluation!                
	=> Loss: 0.3848                
	=> Dice: 61.52%

[INFO](2023/06/13/ 02:07:54 PM) [Round: 0005] Select clients...!
[INFO](2023/06/13/ 02:07:55 PM) [Round: 0005] ...successfully transmitted models to 2 selected clients!
[INFO](2023/06/13/ 02:07:55 PM) [Round: 0005] Start updating selected client 0000...!
[INFO](2023/06/13/ 02:07:55 PM) [Round: 0005] Start updating selected client 0002...!
[INFO](2023/06/13/ 02:12:02 PM) 	[Client 0000] ...finished training!            
	=> Tain loss: 0.0939

[INFO](2023/06/13/ 02:12:03 PM) [Round: 0005] ...client 0000 is selected and updated (with total sample size: 304)! train_loss:0.09394486571024907
[INFO](2023/06/13/ 02:12:10 PM) 	[Client 0002] ...finished training!            
	=> Tain loss: 0.1719

[INFO](2023/06/13/ 02:12:10 PM) [Round: 0005] ...client 0002 is selected and updated (with total sample size: 301)! train_loss:0.1719066091666096
[INFO](2023/06/13/ 02:12:10 PM) [Round: 0005] Evaluate selected 2 clients' models...!
[INFO](2023/06/13/ 02:12:13 PM) 	[Client 0002] ...finished evaluation!            
	=> Test loss: 0.2987            
	=> test_dice: 70.13%

[INFO](2023/06/13/ 02:12:13 PM) 	 Saving best model, mean dice increased from: 0.6992 to 0.7013
[INFO](2023/06/13/ 02:12:13 PM) 	 Saving to ./fedbestmodels/2/
[INFO](2023/06/13/ 02:12:13 PM) 	[Client 0000] ...finished evaluation!            
	=> Test loss: 0.2135            
	=> test_dice: 78.65%

[INFO](2023/06/13/ 02:12:13 PM) 	 Saving best model, mean dice increased from: 0.7512 to 0.7865
[INFO](2023/06/13/ 02:12:13 PM) 	 Saving to ./fedbestmodels/0/
[INFO](2023/06/13/ 02:12:13 PM) [Round: 0005] Aggregate updated weights of 2 clients...!
[INFO](2023/06/13/ 02:12:13 PM) [Round: 0005] ...updated weights of 2 clients are successfully averaged!
[INFO](2023/06/13/ 02:12:15 PM) 	 Saving best model, mean dice increased from: 0.0000 to 0.6578
[INFO](2023/06/13/ 02:12:15 PM) 	 Saving to ./global_model
[INFO](2023/06/13/ 02:12:15 PM) [Round: 0005] Evaluate global model's performance...!                
	[Server] ...finished evaluation!                
	=> Loss: 0.3422                
	=> Dice: 65.78%

[INFO](2023/06/13/ 02:12:15 PM) [Round: 0006] Select clients...!
[INFO](2023/06/13/ 02:12:15 PM) [Round: 0006] ...successfully transmitted models to 2 selected clients!
[INFO](2023/06/13/ 02:12:15 PM) [Round: 0006] Start updating selected client 0001...!
[INFO](2023/06/13/ 02:12:15 PM) [Round: 0006] Start updating selected client 0002...!
[INFO](2023/06/13/ 02:15:26 PM) 	[Client 0001] ...finished training!            
	=> Tain loss: 0.1093

[INFO](2023/06/13/ 02:15:26 PM) [Round: 0006] ...client 0001 is selected and updated (with total sample size: 300)! train_loss:0.10927825791663245
[INFO](2023/06/13/ 02:16:09 PM) 	[Client 0002] ...finished training!            
	=> Tain loss: 0.1548

[INFO](2023/06/13/ 02:16:09 PM) [Round: 0006] ...client 0002 is selected and updated (with total sample size: 301)! train_loss:0.15482706211899455
[INFO](2023/06/13/ 02:16:09 PM) [Round: 0006] Evaluate selected 2 clients' models...!
[INFO](2023/06/13/ 02:16:13 PM) 	[Client 0001] ...finished evaluation!            
	=> Test loss: 0.3006            
	=> test_dice: 69.94%

[INFO](2023/06/13/ 02:16:13 PM) 	 Saving best model, mean dice increased from: 0.4881 to 0.6994
[INFO](2023/06/13/ 02:16:13 PM) 	 Saving to ./fedbestmodels/1/
[INFO](2023/06/13/ 02:16:14 PM) 	[Client 0002] ...finished evaluation!            
	=> Test loss: 0.2842            
	=> test_dice: 71.58%

[INFO](2023/06/13/ 02:16:14 PM) 	 Saving best model, mean dice increased from: 0.7013 to 0.7158
[INFO](2023/06/13/ 02:16:14 PM) 	 Saving to ./fedbestmodels/2/
[INFO](2023/06/13/ 02:16:14 PM) [Round: 0006] Aggregate updated weights of 2 clients...!
[INFO](2023/06/13/ 02:16:15 PM) [Round: 0006] ...updated weights of 2 clients are successfully averaged!
[INFO](2023/06/13/ 02:16:17 PM) 	 Saving best model, mean dice increased from: 0.0000 to 0.7345
[INFO](2023/06/13/ 02:16:17 PM) 	 Saving to ./global_model
[INFO](2023/06/13/ 02:16:18 PM) [Round: 0006] Evaluate global model's performance...!                
	[Server] ...finished evaluation!                
	=> Loss: 0.2655                
	=> Dice: 73.45%

[INFO](2023/06/13/ 02:16:18 PM) [Round: 0007] Select clients...!
[INFO](2023/06/13/ 02:16:18 PM) [Round: 0007] ...successfully transmitted models to 2 selected clients!
[INFO](2023/06/13/ 02:16:18 PM) [Round: 0007] Start updating selected client 0000...!
[INFO](2023/06/13/ 02:16:18 PM) [Round: 0007] Start updating selected client 0001...!
[INFO](2023/06/13/ 02:19:34 PM) 	[Client 0001] ...finished training!            
	=> Tain loss: 0.0844

[INFO](2023/06/13/ 02:19:34 PM) [Round: 0007] ...client 0001 is selected and updated (with total sample size: 300)! train_loss:0.08437270144686887
[INFO](2023/06/13/ 02:20:00 PM) 	[Client 0000] ...finished training!            
	=> Tain loss: 0.0892

[INFO](2023/06/13/ 02:20:00 PM) [Round: 0007] ...client 0000 is selected and updated (with total sample size: 304)! train_loss:0.08917926534226066
[INFO](2023/06/13/ 02:20:00 PM) [Round: 0007] Evaluate selected 2 clients' models...!
[INFO](2023/06/13/ 02:20:02 PM) 	[Client 0001] ...finished evaluation!            
	=> Test loss: 0.3408            
	=> test_dice: 65.92%

[INFO](2023/06/13/ 02:20:03 PM) 	[Client 0000] ...finished evaluation!            
	=> Test loss: 0.2322            
	=> test_dice: 76.78%

[INFO](2023/06/13/ 02:20:03 PM) [Round: 0007] Aggregate updated weights of 2 clients...!
[INFO](2023/06/13/ 02:20:03 PM) [Round: 0007] ...updated weights of 2 clients are successfully averaged!
[INFO](2023/06/13/ 02:20:05 PM) 	 Saving best model, mean dice increased from: 0.0000 to 0.7034
[INFO](2023/06/13/ 02:20:05 PM) 	 Saving to ./global_model
[INFO](2023/06/13/ 02:20:05 PM) [Round: 0007] Evaluate global model's performance...!                
	[Server] ...finished evaluation!                
	=> Loss: 0.2966                
	=> Dice: 70.34%

[INFO](2023/06/13/ 02:20:05 PM) [Round: 0008] Select clients...!
[INFO](2023/06/13/ 02:20:05 PM) [Round: 0008] ...successfully transmitted models to 2 selected clients!
[INFO](2023/06/13/ 02:20:05 PM) [Round: 0008] Start updating selected client 0001...!
[INFO](2023/06/13/ 02:20:05 PM) [Round: 0008] Start updating selected client 0002...!
[INFO](2023/06/13/ 02:23:22 PM) 	[Client 0001] ...finished training!            
	=> Tain loss: 0.0782

[INFO](2023/06/13/ 02:23:22 PM) [Round: 0008] ...client 0001 is selected and updated (with total sample size: 300)! train_loss:0.07822037476458048
[INFO](2023/06/13/ 02:23:55 PM) 	[Client 0002] ...finished training!            
	=> Tain loss: 0.1535

[INFO](2023/06/13/ 02:23:55 PM) [Round: 0008] ...client 0002 is selected and updated (with total sample size: 301)! train_loss:0.1534598340133303
[INFO](2023/06/13/ 02:23:55 PM) [Round: 0008] Evaluate selected 2 clients' models...!
[INFO](2023/06/13/ 02:23:59 PM) 	[Client 0002] ...finished evaluation!            
	=> Test loss: 0.3105            
	=> test_dice: 68.95%

[INFO](2023/06/13/ 02:23:59 PM) 	[Client 0001] ...finished evaluation!            
	=> Test loss: 0.3100            
	=> test_dice: 69.00%

[INFO](2023/06/13/ 02:23:59 PM) [Round: 0008] Aggregate updated weights of 2 clients...!
[INFO](2023/06/13/ 02:23:59 PM) [Round: 0008] ...updated weights of 2 clients are successfully averaged!
[INFO](2023/06/13/ 02:24:01 PM) 	 Saving best model, mean dice increased from: 0.0000 to 0.7351
[INFO](2023/06/13/ 02:24:01 PM) 	 Saving to ./global_model
[INFO](2023/06/13/ 02:24:01 PM) [Round: 0008] Evaluate global model's performance...!                
	[Server] ...finished evaluation!                
	=> Loss: 0.2649                
	=> Dice: 73.51%

[INFO](2023/06/13/ 02:24:02 PM) [Round: 0009] Select clients...!
[INFO](2023/06/13/ 02:24:02 PM) [Round: 0009] ...successfully transmitted models to 2 selected clients!
[INFO](2023/06/13/ 02:24:02 PM) [Round: 0009] Start updating selected client 0000...!
[INFO](2023/06/13/ 02:24:02 PM) [Round: 0009] Start updating selected client 0002...!
[INFO](2023/06/13/ 02:27:56 PM) 	[Client 0000] ...finished training!            
	=> Tain loss: 0.0838

[INFO](2023/06/13/ 02:27:56 PM) [Round: 0009] ...client 0000 is selected and updated (with total sample size: 304)! train_loss:0.08381825746282151
[INFO](2023/06/13/ 02:28:09 PM) 	[Client 0002] ...finished training!            
	=> Tain loss: 0.1374

[INFO](2023/06/13/ 02:28:09 PM) [Round: 0009] ...client 0002 is selected and updated (with total sample size: 301)! train_loss:0.13737647933395286
[INFO](2023/06/13/ 02:28:09 PM) [Round: 0009] Evaluate selected 2 clients' models...!
[INFO](2023/06/13/ 02:28:12 PM) 	[Client 0002] ...finished evaluation!            
	=> Test loss: 0.2848            
	=> test_dice: 71.52%

[INFO](2023/06/13/ 02:28:12 PM) 	[Client 0000] ...finished evaluation!            
	=> Test loss: 0.2178            
	=> test_dice: 78.22%

[INFO](2023/06/13/ 02:28:13 PM) [Round: 0009] Aggregate updated weights of 2 clients...!
[INFO](2023/06/13/ 02:28:13 PM) [Round: 0009] ...updated weights of 2 clients are successfully averaged!
[INFO](2023/06/13/ 02:28:15 PM) 	 Saving best model, mean dice increased from: 0.0000 to 0.7234
[INFO](2023/06/13/ 02:28:15 PM) 	 Saving to ./global_model
[INFO](2023/06/13/ 02:28:15 PM) [Round: 0009] Evaluate global model's performance...!                
	[Server] ...finished evaluation!                
	=> Loss: 0.2766                
	=> Dice: 72.34%

[INFO](2023/06/13/ 02:28:15 PM) [Round: 0010] Select clients...!
[INFO](2023/06/13/ 02:28:15 PM) [Round: 0010] ...successfully transmitted models to 2 selected clients!
[INFO](2023/06/13/ 02:28:15 PM) [Round: 0010] Start updating selected client 0001...!
[INFO](2023/06/13/ 02:28:15 PM) [Round: 0010] Start updating selected client 0002...!
[INFO](2023/06/13/ 02:31:31 PM) 	[Client 0001] ...finished training!            
	=> Tain loss: 0.0769

[INFO](2023/06/13/ 02:31:31 PM) [Round: 0010] ...client 0001 is selected and updated (with total sample size: 300)! train_loss:0.07690870196215416
[INFO](2023/06/13/ 02:32:07 PM) 	[Client 0002] ...finished training!            
	=> Tain loss: 0.1276

[INFO](2023/06/13/ 02:32:07 PM) [Round: 0010] ...client 0002 is selected and updated (with total sample size: 301)! train_loss:0.1276408054522778
[INFO](2023/06/13/ 02:32:07 PM) [Round: 0010] Evaluate selected 2 clients' models...!
[INFO](2023/06/13/ 02:32:12 PM) 	[Client 0001] ...finished evaluation!            
	=> Test loss: 0.3222            
	=> test_dice: 67.78%

[INFO](2023/06/13/ 02:32:13 PM) 	[Client 0002] ...finished evaluation!            
	=> Test loss: 0.2846            
	=> test_dice: 71.54%

[INFO](2023/06/13/ 02:32:13 PM) [Round: 0010] Aggregate updated weights of 2 clients...!
[INFO](2023/06/13/ 02:32:22 PM) [Round: 0010] ...updated weights of 2 clients are successfully averaged!
[INFO](2023/06/13/ 02:32:32 PM) 	 Saving best model, mean dice increased from: 0.0000 to 0.7464
[INFO](2023/06/13/ 02:32:32 PM) 	 Saving to ./global_model
[INFO](2023/06/13/ 02:32:33 PM) [Round: 0010] Evaluate global model's performance...!                
	[Server] ...finished evaluation!                
	=> Loss: 0.2536                
	=> Dice: 74.64%

[INFO](2023/06/13/ 02:32:33 PM) [Round: 0011] Select clients...!
[INFO](2023/06/13/ 02:32:38 PM) [Round: 0011] ...successfully transmitted models to 2 selected clients!
[INFO](2023/06/13/ 02:32:38 PM) [Round: 0011] Start updating selected client 0002...!
[INFO](2023/06/13/ 02:32:38 PM) [Round: 0011] Start updating selected client 0000...!
[INFO](2023/06/13/ 02:36:44 PM) 	[Client 0000] ...finished training!            
	=> Tain loss: 0.0779

[INFO](2023/06/13/ 02:36:44 PM) [Round: 0011] ...client 0000 is selected and updated (with total sample size: 304)! train_loss:0.0778939646815783
[INFO](2023/06/13/ 02:37:05 PM) 	[Client 0002] ...finished training!            
	=> Tain loss: 0.1234

[INFO](2023/06/13/ 02:37:05 PM) [Round: 0011] ...client 0002 is selected and updated (with total sample size: 301)! train_loss:0.12343185057765559
[INFO](2023/06/13/ 02:37:05 PM) [Round: 0011] Evaluate selected 2 clients' models...!
[INFO](2023/06/13/ 02:37:07 PM) 	[Client 0000] ...finished evaluation!            
	=> Test loss: 0.2299            
	=> test_dice: 77.01%

[INFO](2023/06/13/ 02:37:08 PM) 	[Client 0002] ...finished evaluation!            
	=> Test loss: 0.2508            
	=> test_dice: 74.92%

[INFO](2023/06/13/ 02:37:08 PM) 	 Saving best model, mean dice increased from: 0.7158 to 0.7492
[INFO](2023/06/13/ 02:37:08 PM) 	 Saving to ./fedbestmodels/2/
[INFO](2023/06/13/ 02:37:08 PM) [Round: 0011] Aggregate updated weights of 2 clients...!
[INFO](2023/06/13/ 02:37:08 PM) [Round: 0011] ...updated weights of 2 clients are successfully averaged!
[INFO](2023/06/13/ 02:37:10 PM) 	 Saving best model, mean dice increased from: 0.0000 to 0.7449
[INFO](2023/06/13/ 02:37:10 PM) 	 Saving to ./global_model
[INFO](2023/06/13/ 02:37:10 PM) [Round: 0011] Evaluate global model's performance...!                
	[Server] ...finished evaluation!                
	=> Loss: 0.2551                
	=> Dice: 74.49%

[INFO](2023/06/13/ 02:37:10 PM) [Round: 0012] Select clients...!
[INFO](2023/06/13/ 02:37:10 PM) [Round: 0012] ...successfully transmitted models to 2 selected clients!
[INFO](2023/06/13/ 02:37:10 PM) [Round: 0012] Start updating selected client 0001...!
[INFO](2023/06/13/ 02:37:11 PM) [Round: 0012] Start updating selected client 0002...!
[INFO](2023/06/13/ 02:41:25 PM) 	[Client 0001] ...finished training!            
	=> Tain loss: 0.0722

[INFO](2023/06/13/ 02:41:25 PM) [Round: 0012] ...client 0001 is selected and updated (with total sample size: 300)! train_loss:0.07217746548550694
[INFO](2023/06/13/ 02:42:00 PM) 	[Client 0002] ...finished training!            
	=> Tain loss: 0.1180

[INFO](2023/06/13/ 02:42:01 PM) [Round: 0012] ...client 0002 is selected and updated (with total sample size: 301)! train_loss:0.11798891925105923
[INFO](2023/06/13/ 02:42:01 PM) [Round: 0012] Evaluate selected 2 clients' models...!
[INFO](2023/06/13/ 02:42:03 PM) 	[Client 0001] ...finished evaluation!            
	=> Test loss: 0.3208            
	=> test_dice: 67.92%

[INFO](2023/06/13/ 02:42:03 PM) 	[Client 0002] ...finished evaluation!            
	=> Test loss: 0.3008            
	=> test_dice: 69.92%

[INFO](2023/06/13/ 02:42:03 PM) [Round: 0012] Aggregate updated weights of 2 clients...!
[INFO](2023/06/13/ 02:42:03 PM) [Round: 0012] ...updated weights of 2 clients are successfully averaged!
[INFO](2023/06/13/ 02:42:05 PM) 	 Saving best model, mean dice increased from: 0.0000 to 0.7524
[INFO](2023/06/13/ 02:42:05 PM) 	 Saving to ./global_model
[INFO](2023/06/13/ 02:42:05 PM) [Round: 0012] Evaluate global model's performance...!                
	[Server] ...finished evaluation!                
	=> Loss: 0.2476                
	=> Dice: 75.24%

[INFO](2023/06/13/ 02:42:05 PM) [Round: 0013] Select clients...!
[INFO](2023/06/13/ 02:42:05 PM) [Round: 0013] ...successfully transmitted models to 2 selected clients!
[INFO](2023/06/13/ 02:42:05 PM) [Round: 0013] Start updating selected client 0000...!
[INFO](2023/06/13/ 02:42:05 PM) [Round: 0013] Start updating selected client 0001...!
[INFO](2023/06/13/ 02:45:56 PM) 	[Client 0001] ...finished training!            
	=> Tain loss: 0.0681

[INFO](2023/06/13/ 02:45:56 PM) [Round: 0013] ...client 0001 is selected and updated (with total sample size: 300)! train_loss:0.0681435253667204
[INFO](2023/06/13/ 02:46:30 PM) 	[Client 0000] ...finished training!            
	=> Tain loss: 0.0747

[INFO](2023/06/13/ 02:46:31 PM) [Round: 0013] ...client 0000 is selected and updated (with total sample size: 304)! train_loss:0.0747057535244446
[INFO](2023/06/13/ 02:46:31 PM) [Round: 0013] Evaluate selected 2 clients' models...!
[INFO](2023/06/13/ 02:46:37 PM) 	[Client 0000] ...finished evaluation!            
	=> Test loss: 0.1943            
	=> test_dice: 80.57%

[INFO](2023/06/13/ 02:46:37 PM) 	 Saving best model, mean dice increased from: 0.7865 to 0.8057
[INFO](2023/06/13/ 02:46:37 PM) 	 Saving to ./fedbestmodels/0/
[INFO](2023/06/13/ 02:46:37 PM) 	[Client 0001] ...finished evaluation!            
	=> Test loss: 0.3010            
	=> test_dice: 69.90%

[INFO](2023/06/13/ 02:46:37 PM) [Round: 0013] Aggregate updated weights of 2 clients...!
[INFO](2023/06/13/ 02:46:46 PM) [Round: 0013] ...updated weights of 2 clients are successfully averaged!
[INFO](2023/06/13/ 02:46:53 PM) 	 Saving best model, mean dice increased from: 0.0000 to 0.7438
[INFO](2023/06/13/ 02:46:53 PM) 	 Saving to ./global_model
[INFO](2023/06/13/ 02:46:53 PM) [Round: 0013] Evaluate global model's performance...!                
	[Server] ...finished evaluation!                
	=> Loss: 0.2562                
	=> Dice: 74.38%

[INFO](2023/06/13/ 02:46:53 PM) [Round: 0014] Select clients...!
[INFO](2023/06/13/ 02:46:53 PM) [Round: 0014] ...successfully transmitted models to 2 selected clients!
[INFO](2023/06/13/ 02:46:54 PM) [Round: 0014] Start updating selected client 0000...!
[INFO](2023/06/13/ 02:46:54 PM) [Round: 0014] Start updating selected client 0001...!
[INFO](2023/06/13/ 02:50:14 PM) 	[Client 0001] ...finished training!            
	=> Tain loss: 0.0645

[INFO](2023/06/13/ 02:50:14 PM) [Round: 0014] ...client 0001 is selected and updated (with total sample size: 300)! train_loss:0.06454361159550516
[INFO](2023/06/13/ 02:50:36 PM) 	[Client 0000] ...finished training!            
	=> Tain loss: 0.0661

[INFO](2023/06/13/ 02:50:36 PM) [Round: 0014] ...client 0000 is selected and updated (with total sample size: 304)! train_loss:0.06608212608844041
[INFO](2023/06/13/ 02:50:36 PM) [Round: 0014] Evaluate selected 2 clients' models...!
[INFO](2023/06/13/ 02:50:39 PM) 	[Client 0001] ...finished evaluation!            
	=> Test loss: 0.2632            
	=> test_dice: 73.68%

[INFO](2023/06/13/ 02:50:39 PM) 	 Saving best model, mean dice increased from: 0.6994 to 0.7368
[INFO](2023/06/13/ 02:50:39 PM) 	 Saving to ./fedbestmodels/1/
[INFO](2023/06/13/ 02:50:39 PM) 	[Client 0000] ...finished evaluation!            
	=> Test loss: 0.2071            
	=> test_dice: 79.29%

[INFO](2023/06/13/ 02:50:39 PM) [Round: 0014] Aggregate updated weights of 2 clients...!
[INFO](2023/06/13/ 02:50:39 PM) [Round: 0014] ...updated weights of 2 clients are successfully averaged!
[INFO](2023/06/13/ 02:50:41 PM) 	 Saving best model, mean dice increased from: 0.0000 to 0.7413
[INFO](2023/06/13/ 02:50:41 PM) 	 Saving to ./global_model
[INFO](2023/06/13/ 02:50:41 PM) [Round: 0014] Evaluate global model's performance...!                
	[Server] ...finished evaluation!                
	=> Loss: 0.2587                
	=> Dice: 74.13%

[INFO](2023/06/13/ 02:50:41 PM) [Round: 0015] Select clients...!
[INFO](2023/06/13/ 02:50:42 PM) [Round: 0015] ...successfully transmitted models to 2 selected clients!
[INFO](2023/06/13/ 02:50:42 PM) [Round: 0015] Start updating selected client 0000...!
[INFO](2023/06/13/ 02:50:42 PM) [Round: 0015] Start updating selected client 0002...!
[INFO](2023/06/13/ 02:55:00 PM) 	[Client 0000] ...finished training!            
	=> Tain loss: 0.0614

[INFO](2023/06/13/ 02:55:00 PM) [Round: 0015] ...client 0000 is selected and updated (with total sample size: 304)! train_loss:0.061449316349860866
[INFO](2023/06/13/ 02:55:10 PM) 	[Client 0002] ...finished training!            
	=> Tain loss: 0.1314

[INFO](2023/06/13/ 02:55:10 PM) [Round: 0015] ...client 0002 is selected and updated (with total sample size: 301)! train_loss:0.13142422129841227
[INFO](2023/06/13/ 02:55:10 PM) [Round: 0015] Evaluate selected 2 clients' models...!
[INFO](2023/06/13/ 02:55:13 PM) 	[Client 0002] ...finished evaluation!            
	=> Test loss: 0.2785            
	=> test_dice: 72.15%

[INFO](2023/06/13/ 02:55:13 PM) 	[Client 0000] ...finished evaluation!            
	=> Test loss: 0.1965            
	=> test_dice: 80.35%

[INFO](2023/06/13/ 02:55:13 PM) [Round: 0015] Aggregate updated weights of 2 clients...!
[INFO](2023/06/13/ 02:55:14 PM) [Round: 0015] ...updated weights of 2 clients are successfully averaged!
[INFO](2023/06/13/ 02:55:15 PM) 	 Saving best model, mean dice increased from: 0.0000 to 0.7492
[INFO](2023/06/13/ 02:55:15 PM) 	 Saving to ./global_model
[INFO](2023/06/13/ 02:55:15 PM) [Round: 0015] Evaluate global model's performance...!                
	[Server] ...finished evaluation!                
	=> Loss: 0.2508                
	=> Dice: 74.92%

[INFO](2023/06/13/ 02:55:15 PM) [Round: 0016] Select clients...!
[INFO](2023/06/13/ 02:55:15 PM) [Round: 0016] ...successfully transmitted models to 2 selected clients!
[INFO](2023/06/13/ 02:55:16 PM) [Round: 0016] Start updating selected client 0000...!
[INFO](2023/06/13/ 02:55:16 PM) [Round: 0016] Start updating selected client 0001...!
[INFO](2023/06/13/ 02:58:40 PM) 	[Client 0001] ...finished training!            
	=> Tain loss: 0.0654

[INFO](2023/06/13/ 02:58:40 PM) [Round: 0016] ...client 0001 is selected and updated (with total sample size: 300)! train_loss:0.06539482472366408
[INFO](2023/06/13/ 02:59:08 PM) 	[Client 0000] ...finished training!            
	=> Tain loss: 0.0594

[INFO](2023/06/13/ 02:59:08 PM) [Round: 0016] ...client 0000 is selected and updated (with total sample size: 304)! train_loss:0.05938297623866483
[INFO](2023/06/13/ 02:59:08 PM) [Round: 0016] Evaluate selected 2 clients' models...!
[INFO](2023/06/13/ 02:59:11 PM) 	[Client 0001] ...finished evaluation!            
	=> Test loss: 0.2677            
	=> test_dice: 73.23%

[INFO](2023/06/13/ 02:59:11 PM) 	[Client 0000] ...finished evaluation!            
	=> Test loss: 0.1843            
	=> test_dice: 81.57%

[INFO](2023/06/13/ 02:59:12 PM) 	 Saving best model, mean dice increased from: 0.8057 to 0.8157
[INFO](2023/06/13/ 02:59:12 PM) 	 Saving to ./fedbestmodels/0/
[INFO](2023/06/13/ 02:59:12 PM) [Round: 0016] Aggregate updated weights of 2 clients...!
[INFO](2023/06/13/ 02:59:12 PM) [Round: 0016] ...updated weights of 2 clients are successfully averaged!
[INFO](2023/06/13/ 02:59:14 PM) 	 Saving best model, mean dice increased from: 0.0000 to 0.7392
[INFO](2023/06/13/ 02:59:14 PM) 	 Saving to ./global_model
[INFO](2023/06/13/ 02:59:14 PM) [Round: 0016] Evaluate global model's performance...!                
	[Server] ...finished evaluation!                
	=> Loss: 0.2608                
	=> Dice: 73.92%

[INFO](2023/06/13/ 02:59:14 PM) [Round: 0017] Select clients...!
[INFO](2023/06/13/ 02:59:14 PM) [Round: 0017] ...successfully transmitted models to 2 selected clients!
[INFO](2023/06/13/ 02:59:15 PM) [Round: 0017] Start updating selected client 0000...!
[INFO](2023/06/13/ 02:59:15 PM) [Round: 0017] Start updating selected client 0001...!
[INFO](2023/06/13/ 03:02:26 PM) 	[Client 0001] ...finished training!            
	=> Tain loss: 0.0636

[INFO](2023/06/13/ 03:02:27 PM) [Round: 0017] ...client 0001 is selected and updated (with total sample size: 300)! train_loss:0.0636136295175866
[INFO](2023/06/13/ 03:02:51 PM) 	[Client 0000] ...finished training!            
	=> Tain loss: 0.0587

[INFO](2023/06/13/ 03:02:51 PM) [Round: 0017] ...client 0000 is selected and updated (with total sample size: 304)! train_loss:0.058685877164335626
[INFO](2023/06/13/ 03:02:51 PM) [Round: 0017] Evaluate selected 2 clients' models...!
[INFO](2023/06/13/ 03:02:54 PM) 	[Client 0001] ...finished evaluation!            
	=> Test loss: 0.2698            
	=> test_dice: 73.02%

[INFO](2023/06/13/ 03:02:54 PM) 	[Client 0000] ...finished evaluation!            
	=> Test loss: 0.1853            
	=> test_dice: 81.47%

[INFO](2023/06/13/ 03:02:54 PM) [Round: 0017] Aggregate updated weights of 2 clients...!
[INFO](2023/06/13/ 03:02:54 PM) [Round: 0017] ...updated weights of 2 clients are successfully averaged!
[INFO](2023/06/13/ 03:02:57 PM) 	 Saving best model, mean dice increased from: 0.0000 to 0.7125
[INFO](2023/06/13/ 03:02:57 PM) 	 Saving to ./global_model
[INFO](2023/06/13/ 03:02:57 PM) [Round: 0017] Evaluate global model's performance...!                
	[Server] ...finished evaluation!                
	=> Loss: 0.2875                
	=> Dice: 71.25%

[INFO](2023/06/13/ 03:02:57 PM) [Round: 0018] Select clients...!
[INFO](2023/06/13/ 03:02:57 PM) [Round: 0018] ...successfully transmitted models to 2 selected clients!
[INFO](2023/06/13/ 03:02:57 PM) [Round: 0018] Start updating selected client 0001...!
[INFO](2023/06/13/ 03:02:57 PM) [Round: 0018] Start updating selected client 0002...!
[INFO](2023/06/13/ 03:06:12 PM) 	[Client 0001] ...finished training!            
	=> Tain loss: 0.0600

[INFO](2023/06/13/ 03:06:12 PM) [Round: 0018] ...client 0001 is selected and updated (with total sample size: 300)! train_loss:0.06001136744100796
[INFO](2023/06/13/ 03:06:49 PM) 	[Client 0002] ...finished training!            
	=> Tain loss: 0.1370

[INFO](2023/06/13/ 03:06:49 PM) [Round: 0018] ...client 0002 is selected and updated (with total sample size: 301)! train_loss:0.13695884288141602
[INFO](2023/06/13/ 03:06:49 PM) [Round: 0018] Evaluate selected 2 clients' models...!
[INFO](2023/06/13/ 03:06:52 PM) 	[Client 0002] ...finished evaluation!            
	=> Test loss: 0.2480            
	=> test_dice: 75.20%

[INFO](2023/06/13/ 03:06:52 PM) 	 Saving best model, mean dice increased from: 0.7492 to 0.7520
[INFO](2023/06/13/ 03:06:52 PM) 	 Saving to ./fedbestmodels/2/
[INFO](2023/06/13/ 03:06:52 PM) 	[Client 0001] ...finished evaluation!            
	=> Test loss: 0.2873            
	=> test_dice: 71.27%

[INFO](2023/06/13/ 03:06:53 PM) [Round: 0018] Aggregate updated weights of 2 clients...!
[INFO](2023/06/13/ 03:06:53 PM) [Round: 0018] ...updated weights of 2 clients are successfully averaged!
[INFO](2023/06/13/ 03:06:55 PM) 	 Saving best model, mean dice increased from: 0.0000 to 0.7952
[INFO](2023/06/13/ 03:06:55 PM) 	 Saving to ./global_model
[INFO](2023/06/13/ 03:06:55 PM) [Round: 0018] Evaluate global model's performance...!                
	[Server] ...finished evaluation!                
	=> Loss: 0.2048                
	=> Dice: 79.52%

[INFO](2023/06/13/ 03:06:55 PM) [Round: 0019] Select clients...!
[INFO](2023/06/13/ 03:06:55 PM) [Round: 0019] ...successfully transmitted models to 2 selected clients!
[INFO](2023/06/13/ 03:06:55 PM) [Round: 0019] Start updating selected client 0000...!
[INFO](2023/06/13/ 03:06:55 PM) [Round: 0019] Start updating selected client 0002...!
[INFO](2023/06/13/ 03:10:57 PM) 	[Client 0000] ...finished training!            
	=> Tain loss: 0.0597

[INFO](2023/06/13/ 03:10:58 PM) [Round: 0019] ...client 0000 is selected and updated (with total sample size: 304)! train_loss:0.059680039327787725
[INFO](2023/06/13/ 03:11:14 PM) 	[Client 0002] ...finished training!            
	=> Tain loss: 0.1200

[INFO](2023/06/13/ 03:11:15 PM) [Round: 0019] ...client 0002 is selected and updated (with total sample size: 301)! train_loss:0.12001265354062382
[INFO](2023/06/13/ 03:11:15 PM) [Round: 0019] Evaluate selected 2 clients' models...!
[INFO](2023/06/13/ 03:11:17 PM) 	[Client 0000] ...finished evaluation!            
	=> Test loss: 0.1742            
	=> test_dice: 82.58%

[INFO](2023/06/13/ 03:11:17 PM) 	 Saving best model, mean dice increased from: 0.8157 to 0.8258
[INFO](2023/06/13/ 03:11:17 PM) 	 Saving to ./fedbestmodels/0/
[INFO](2023/06/13/ 03:11:18 PM) 	[Client 0002] ...finished evaluation!            
	=> Test loss: 0.2677            
	=> test_dice: 73.23%

[INFO](2023/06/13/ 03:11:18 PM) [Round: 0019] Aggregate updated weights of 2 clients...!
[INFO](2023/06/13/ 03:11:18 PM) [Round: 0019] ...updated weights of 2 clients are successfully averaged!
[INFO](2023/06/13/ 03:11:20 PM) 	 Saving best model, mean dice increased from: 0.0000 to 0.7797
[INFO](2023/06/13/ 03:11:20 PM) 	 Saving to ./global_model
[INFO](2023/06/13/ 03:11:20 PM) [Round: 0019] Evaluate global model's performance...!                
	[Server] ...finished evaluation!                
	=> Loss: 0.2203                
	=> Dice: 77.97%

[INFO](2023/06/13/ 03:11:20 PM) [Round: 0020] Select clients...!
[INFO](2023/06/13/ 03:11:20 PM) [Round: 0020] ...successfully transmitted models to 2 selected clients!
[INFO](2023/06/13/ 03:11:20 PM) [Round: 0020] Start updating selected client 0000...!
[INFO](2023/06/13/ 03:11:20 PM) [Round: 0020] Start updating selected client 0002...!
[INFO](2023/06/13/ 03:15:17 PM) 	[Client 0000] ...finished training!            
	=> Tain loss: 0.0568

[INFO](2023/06/13/ 03:15:17 PM) [Round: 0020] ...client 0000 is selected and updated (with total sample size: 304)! train_loss:0.05675452229027685
[INFO](2023/06/13/ 03:15:27 PM) 	[Client 0002] ...finished training!            
	=> Tain loss: 0.1146

[INFO](2023/06/13/ 03:15:27 PM) [Round: 0020] ...client 0002 is selected and updated (with total sample size: 301)! train_loss:0.11455612762978203
[INFO](2023/06/13/ 03:15:28 PM) [Round: 0020] Evaluate selected 2 clients' models...!
[INFO](2023/06/13/ 03:15:31 PM) 	[Client 0000] ...finished evaluation!            
	=> Test loss: 0.1655            
	=> test_dice: 83.45%

[INFO](2023/06/13/ 03:15:31 PM) 	 Saving best model, mean dice increased from: 0.8258 to 0.8345
[INFO](2023/06/13/ 03:15:31 PM) 	 Saving to ./fedbestmodels/0/
[INFO](2023/06/13/ 03:15:32 PM) 	[Client 0002] ...finished evaluation!            
	=> Test loss: 0.2426            
	=> test_dice: 75.74%

[INFO](2023/06/13/ 03:15:32 PM) 	 Saving best model, mean dice increased from: 0.7520 to 0.7574
[INFO](2023/06/13/ 03:15:32 PM) 	 Saving to ./fedbestmodels/2/
[INFO](2023/06/13/ 03:15:32 PM) [Round: 0020] Aggregate updated weights of 2 clients...!
[INFO](2023/06/13/ 03:15:32 PM) [Round: 0020] ...updated weights of 2 clients are successfully averaged!
[INFO](2023/06/13/ 03:15:36 PM) 	 Saving best model, mean dice increased from: 0.0000 to 0.7784
[INFO](2023/06/13/ 03:15:36 PM) 	 Saving to ./global_model
[INFO](2023/06/13/ 03:15:36 PM) [Round: 0020] Evaluate global model's performance...!                
	[Server] ...finished evaluation!                
	=> Loss: 0.2216                
	=> Dice: 77.84%

[INFO](2023/06/13/ 03:15:36 PM) [Round: 0021] Select clients...!
[INFO](2023/06/13/ 03:15:40 PM) [Round: 0021] ...successfully transmitted models to 2 selected clients!
[INFO](2023/06/13/ 03:15:40 PM) [Round: 0021] Start updating selected client 0001...!
[INFO](2023/06/13/ 03:15:40 PM) [Round: 0021] Start updating selected client 0002...!
[INFO](2023/06/13/ 03:19:08 PM) 	[Client 0001] ...finished training!            
	=> Tain loss: 0.0636

[INFO](2023/06/13/ 03:19:08 PM) [Round: 0021] ...client 0001 is selected and updated (with total sample size: 300)! train_loss:0.06359703045730528
[INFO](2023/06/13/ 03:19:43 PM) 	[Client 0002] ...finished training!            
	=> Tain loss: 0.1133

[INFO](2023/06/13/ 03:19:43 PM) [Round: 0021] ...client 0002 is selected and updated (with total sample size: 301)! train_loss:0.11329785365807382
[INFO](2023/06/13/ 03:19:43 PM) [Round: 0021] Evaluate selected 2 clients' models...!
[INFO](2023/06/13/ 03:19:45 PM) 	[Client 0001] ...finished evaluation!            
	=> Test loss: 0.2637            
	=> test_dice: 73.63%

[INFO](2023/06/13/ 03:19:45 PM) 	[Client 0002] ...finished evaluation!            
	=> Test loss: 0.2590            
	=> test_dice: 74.10%

[INFO](2023/06/13/ 03:19:46 PM) [Round: 0021] Aggregate updated weights of 2 clients...!
[INFO](2023/06/13/ 03:19:46 PM) [Round: 0021] ...updated weights of 2 clients are successfully averaged!
[INFO](2023/06/13/ 03:19:47 PM) 	 Saving best model, mean dice increased from: 0.0000 to 0.7918
[INFO](2023/06/13/ 03:19:47 PM) 	 Saving to ./global_model
[INFO](2023/06/13/ 03:19:48 PM) [Round: 0021] Evaluate global model's performance...!                
	[Server] ...finished evaluation!                
	=> Loss: 0.2082                
	=> Dice: 79.18%

[INFO](2023/06/13/ 03:19:48 PM) [Round: 0022] Select clients...!
[INFO](2023/06/13/ 03:19:48 PM) [Round: 0022] ...successfully transmitted models to 2 selected clients!
[INFO](2023/06/13/ 03:19:48 PM) [Round: 0022] Start updating selected client 0000...!
[INFO](2023/06/13/ 03:19:48 PM) [Round: 0022] Start updating selected client 0002...!
[INFO](2023/06/13/ 03:23:48 PM) 	[Client 0000] ...finished training!            
	=> Tain loss: 0.0590

[INFO](2023/06/13/ 03:23:48 PM) [Round: 0022] ...client 0000 is selected and updated (with total sample size: 304)! train_loss:0.058950221499330116
[INFO](2023/06/13/ 03:24:02 PM) 	[Client 0002] ...finished training!            
	=> Tain loss: 0.1083

[INFO](2023/06/13/ 03:24:02 PM) [Round: 0022] ...client 0002 is selected and updated (with total sample size: 301)! train_loss:0.10826834146129458
[INFO](2023/06/13/ 03:24:02 PM) [Round: 0022] Evaluate selected 2 clients' models...!
[INFO](2023/06/13/ 03:24:05 PM) 	[Client 0000] ...finished evaluation!            
	=> Test loss: 0.2027            
	=> test_dice: 79.73%

[INFO](2023/06/13/ 03:24:06 PM) 	[Client 0002] ...finished evaluation!            
	=> Test loss: 0.2364            
	=> test_dice: 76.36%

[INFO](2023/06/13/ 03:24:06 PM) 	 Saving best model, mean dice increased from: 0.7574 to 0.7636
[INFO](2023/06/13/ 03:24:06 PM) 	 Saving to ./fedbestmodels/2/
[INFO](2023/06/13/ 03:24:06 PM) [Round: 0022] Aggregate updated weights of 2 clients...!
[INFO](2023/06/13/ 03:24:06 PM) [Round: 0022] ...updated weights of 2 clients are successfully averaged!
[INFO](2023/06/13/ 03:24:08 PM) 	 Saving best model, mean dice increased from: 0.0000 to 0.7820
[INFO](2023/06/13/ 03:24:08 PM) 	 Saving to ./global_model
[INFO](2023/06/13/ 03:24:08 PM) [Round: 0022] Evaluate global model's performance...!                
	[Server] ...finished evaluation!                
	=> Loss: 0.2180                
	=> Dice: 78.20%

[INFO](2023/06/13/ 03:24:08 PM) [Round: 0023] Select clients...!
[INFO](2023/06/13/ 03:24:09 PM) [Round: 0023] ...successfully transmitted models to 2 selected clients!
[INFO](2023/06/13/ 03:24:09 PM) [Round: 0023] Start updating selected client 0000...!
[INFO](2023/06/13/ 03:24:09 PM) [Round: 0023] Start updating selected client 0002...!
[INFO](2023/06/13/ 03:28:00 PM) 	[Client 0000] ...finished training!            
	=> Tain loss: 0.0544

[INFO](2023/06/13/ 03:28:00 PM) [Round: 0023] ...client 0000 is selected and updated (with total sample size: 304)! train_loss:0.05443969795382336
[INFO](2023/06/13/ 03:28:17 PM) 	[Client 0002] ...finished training!            
	=> Tain loss: 0.1064

[INFO](2023/06/13/ 03:28:17 PM) [Round: 0023] ...client 0002 is selected and updated (with total sample size: 301)! train_loss:0.10639905155097183
[INFO](2023/06/13/ 03:28:17 PM) [Round: 0023] Evaluate selected 2 clients' models...!
[INFO](2023/06/13/ 03:28:20 PM) 	[Client 0000] ...finished evaluation!            
	=> Test loss: 0.1981            
	=> test_dice: 80.19%

[INFO](2023/06/13/ 03:28:20 PM) 	[Client 0002] ...finished evaluation!            
	=> Test loss: 0.2465            
	=> test_dice: 75.35%

[INFO](2023/06/13/ 03:28:20 PM) [Round: 0023] Aggregate updated weights of 2 clients...!
[INFO](2023/06/13/ 03:28:20 PM) [Round: 0023] ...updated weights of 2 clients are successfully averaged!
[INFO](2023/06/13/ 03:28:22 PM) 	 Saving best model, mean dice increased from: 0.0000 to 0.7645
[INFO](2023/06/13/ 03:28:22 PM) 	 Saving to ./global_model
[INFO](2023/06/13/ 03:28:22 PM) [Round: 0023] Evaluate global model's performance...!                
	[Server] ...finished evaluation!                
	=> Loss: 0.2355                
	=> Dice: 76.45%

[INFO](2023/06/13/ 03:28:22 PM) [Round: 0024] Select clients...!
[INFO](2023/06/13/ 03:28:23 PM) [Round: 0024] ...successfully transmitted models to 2 selected clients!
[INFO](2023/06/13/ 03:28:23 PM) [Round: 0024] Start updating selected client 0000...!
[INFO](2023/06/13/ 03:28:23 PM) [Round: 0024] Start updating selected client 0002...!
[INFO](2023/06/13/ 03:32:25 PM) 	[Client 0002] ...finished training!            
	=> Tain loss: 0.1021

[INFO](2023/06/13/ 03:32:25 PM) [Round: 0024] ...client 0002 is selected and updated (with total sample size: 301)! train_loss:0.1021196131839564
[INFO](2023/06/13/ 03:32:31 PM) 	[Client 0000] ...finished training!            
	=> Tain loss: 0.0534

[INFO](2023/06/13/ 03:32:31 PM) [Round: 0024] ...client 0000 is selected and updated (with total sample size: 304)! train_loss:0.053384861614751186
[INFO](2023/06/13/ 03:32:31 PM) [Round: 0024] Evaluate selected 2 clients' models...!
[INFO](2023/06/13/ 03:32:37 PM) 	[Client 0002] ...finished evaluation!            
	=> Test loss: 0.2438            
	=> test_dice: 75.62%

[INFO](2023/06/13/ 03:32:37 PM) 	[Client 0000] ...finished evaluation!            
	=> Test loss: 0.2001            
	=> test_dice: 79.99%

[INFO](2023/06/13/ 03:32:38 PM) [Round: 0024] Aggregate updated weights of 2 clients...!
[INFO](2023/06/13/ 03:32:47 PM) [Round: 0024] ...updated weights of 2 clients are successfully averaged!
[INFO](2023/06/13/ 03:32:56 PM) 	 Saving best model, mean dice increased from: 0.0000 to 0.7645
[INFO](2023/06/13/ 03:32:56 PM) 	 Saving to ./global_model
[INFO](2023/06/13/ 03:32:56 PM) [Round: 0024] Evaluate global model's performance...!                
	[Server] ...finished evaluation!                
	=> Loss: 0.2355                
	=> Dice: 76.45%

[INFO](2023/06/13/ 03:32:56 PM) [Round: 0025] Select clients...!
[INFO](2023/06/13/ 03:32:57 PM) [Round: 0025] ...successfully transmitted models to 2 selected clients!
[INFO](2023/06/13/ 03:32:57 PM) [Round: 0025] Start updating selected client 0002...!
[INFO](2023/06/13/ 03:32:57 PM) [Round: 0025] Start updating selected client 0001...!
[INFO](2023/06/13/ 03:36:16 PM) 	[Client 0001] ...finished training!            
	=> Tain loss: 0.0665

[INFO](2023/06/13/ 03:36:16 PM) [Round: 0025] ...client 0001 is selected and updated (with total sample size: 300)! train_loss:0.06647295221490296
[INFO](2023/06/13/ 03:36:50 PM) 	[Client 0002] ...finished training!            
	=> Tain loss: 0.0991

[INFO](2023/06/13/ 03:36:50 PM) [Round: 0025] ...client 0002 is selected and updated (with total sample size: 301)! train_loss:0.0991030251313197
[INFO](2023/06/13/ 03:36:51 PM) [Round: 0025] Evaluate selected 2 clients' models...!
[INFO](2023/06/13/ 03:36:53 PM) 	[Client 0001] ...finished evaluation!            
	=> Test loss: 0.2596            
	=> test_dice: 74.04%

[INFO](2023/06/13/ 03:36:53 PM) 	 Saving best model, mean dice increased from: 0.7368 to 0.7404
[INFO](2023/06/13/ 03:36:53 PM) 	 Saving to ./fedbestmodels/1/
[INFO](2023/06/13/ 03:36:53 PM) 	[Client 0002] ...finished evaluation!            
	=> Test loss: 0.2279            
	=> test_dice: 77.21%

[INFO](2023/06/13/ 03:36:53 PM) 	 Saving best model, mean dice increased from: 0.7636 to 0.7721
[INFO](2023/06/13/ 03:36:53 PM) 	 Saving to ./fedbestmodels/2/
[INFO](2023/06/13/ 03:36:53 PM) [Round: 0025] Aggregate updated weights of 2 clients...!
[INFO](2023/06/13/ 03:36:54 PM) [Round: 0025] ...updated weights of 2 clients are successfully averaged!
[INFO](2023/06/13/ 03:36:55 PM) 	 Saving best model, mean dice increased from: 0.0000 to 0.8102
[INFO](2023/06/13/ 03:36:55 PM) 	 Saving to ./global_model
[INFO](2023/06/13/ 03:36:56 PM) [Round: 0025] Evaluate global model's performance...!                
	[Server] ...finished evaluation!                
	=> Loss: 0.1898                
	=> Dice: 81.02%

[INFO](2023/06/13/ 03:36:56 PM) [Round: 0026] Select clients...!
[INFO](2023/06/13/ 03:36:56 PM) [Round: 0026] ...successfully transmitted models to 2 selected clients!
[INFO](2023/06/13/ 03:36:56 PM) [Round: 0026] Start updating selected client 0000...!
[INFO](2023/06/13/ 03:36:56 PM) [Round: 0026] Start updating selected client 0001...!
[INFO](2023/06/13/ 03:40:06 PM) 	[Client 0001] ...finished training!            
	=> Tain loss: 0.0624

[INFO](2023/06/13/ 03:40:06 PM) [Round: 0026] ...client 0001 is selected and updated (with total sample size: 300)! train_loss:0.062382740988151025
[INFO](2023/06/13/ 03:40:26 PM) 	[Client 0000] ...finished training!            
	=> Tain loss: 0.0544

[INFO](2023/06/13/ 03:40:26 PM) [Round: 0026] ...client 0000 is selected and updated (with total sample size: 304)! train_loss:0.054350288153478976
[INFO](2023/06/13/ 03:40:26 PM) [Round: 0026] Evaluate selected 2 clients' models...!
[INFO](2023/06/13/ 03:40:29 PM) 	[Client 0001] ...finished evaluation!            
	=> Test loss: 0.2798            
	=> test_dice: 72.02%

[INFO](2023/06/13/ 03:40:29 PM) 	[Client 0000] ...finished evaluation!            
	=> Test loss: 0.1505            
	=> test_dice: 84.95%

[INFO](2023/06/13/ 03:40:29 PM) 	 Saving best model, mean dice increased from: 0.8345 to 0.8495
[INFO](2023/06/13/ 03:40:29 PM) 	 Saving to ./fedbestmodels/0/
[INFO](2023/06/13/ 03:40:29 PM) [Round: 0026] Aggregate updated weights of 2 clients...!
[INFO](2023/06/13/ 03:40:30 PM) [Round: 0026] ...updated weights of 2 clients are successfully averaged!
[INFO](2023/06/13/ 03:40:32 PM) 	 Saving best model, mean dice increased from: 0.0000 to 0.7847
[INFO](2023/06/13/ 03:40:32 PM) 	 Saving to ./global_model
[INFO](2023/06/13/ 03:40:32 PM) [Round: 0026] Evaluate global model's performance...!                
	[Server] ...finished evaluation!                
	=> Loss: 0.2153                
	=> Dice: 78.47%

[INFO](2023/06/13/ 03:40:32 PM) [Round: 0027] Select clients...!
[INFO](2023/06/13/ 03:40:32 PM) [Round: 0027] ...successfully transmitted models to 2 selected clients!
[INFO](2023/06/13/ 03:40:32 PM) [Round: 0027] Start updating selected client 0002...!
[INFO](2023/06/13/ 03:40:32 PM) [Round: 0027] Start updating selected client 0001...!
[INFO](2023/06/13/ 03:43:49 PM) 	[Client 0001] ...finished training!            
	=> Tain loss: 0.0591

[INFO](2023/06/13/ 03:43:50 PM) [Round: 0027] ...client 0001 is selected and updated (with total sample size: 300)! train_loss:0.05906332929275538
[INFO](2023/06/13/ 03:44:26 PM) 	[Client 0002] ...finished training!            
	=> Tain loss: 0.1075

[INFO](2023/06/13/ 03:44:26 PM) [Round: 0027] ...client 0002 is selected and updated (with total sample size: 301)! train_loss:0.10746657775813027
[INFO](2023/06/13/ 03:44:27 PM) [Round: 0027] Evaluate selected 2 clients' models...!
[INFO](2023/06/13/ 03:44:30 PM) 	[Client 0002] ...finished evaluation!            
	=> Test loss: 0.2429            
	=> test_dice: 75.71%

[INFO](2023/06/13/ 03:44:30 PM) 	[Client 0001] ...finished evaluation!            
	=> Test loss: 0.2647            
	=> test_dice: 73.53%

[INFO](2023/06/13/ 03:44:30 PM) [Round: 0027] Aggregate updated weights of 2 clients...!
[INFO](2023/06/13/ 03:44:31 PM) [Round: 0027] ...updated weights of 2 clients are successfully averaged!
[INFO](2023/06/13/ 03:44:33 PM) 	 Saving best model, mean dice increased from: 0.0000 to 0.7968
[INFO](2023/06/13/ 03:44:33 PM) 	 Saving to ./global_model
[INFO](2023/06/13/ 03:44:33 PM) [Round: 0027] Evaluate global model's performance...!                
	[Server] ...finished evaluation!                
	=> Loss: 0.2032                
	=> Dice: 79.68%

[INFO](2023/06/13/ 03:44:33 PM) [Round: 0028] Select clients...!
[INFO](2023/06/13/ 03:44:33 PM) [Round: 0028] ...successfully transmitted models to 2 selected clients!
[INFO](2023/06/13/ 03:44:33 PM) [Round: 0028] Start updating selected client 0001...!
[INFO](2023/06/13/ 03:44:33 PM) [Round: 0028] Start updating selected client 0002...!
[INFO](2023/06/13/ 03:47:56 PM) 	[Client 0001] ...finished training!            
	=> Tain loss: 0.0570

[INFO](2023/06/13/ 03:47:56 PM) [Round: 0028] ...client 0001 is selected and updated (with total sample size: 300)! train_loss:0.056956202252522896
[INFO](2023/06/13/ 03:48:27 PM) 	[Client 0002] ...finished training!            
	=> Tain loss: 0.1018

[INFO](2023/06/13/ 03:48:27 PM) [Round: 0028] ...client 0002 is selected and updated (with total sample size: 301)! train_loss:0.10178850889205933
[INFO](2023/06/13/ 03:48:27 PM) [Round: 0028] Evaluate selected 2 clients' models...!
[INFO](2023/06/13/ 03:48:30 PM) 	[Client 0001] ...finished evaluation!            
	=> Test loss: 0.2731            
	=> test_dice: 72.69%

[INFO](2023/06/13/ 03:48:30 PM) 	[Client 0002] ...finished evaluation!            
	=> Test loss: 0.2293            
	=> test_dice: 77.07%

[INFO](2023/06/13/ 03:48:30 PM) [Round: 0028] Aggregate updated weights of 2 clients...!
[INFO](2023/06/13/ 03:48:31 PM) [Round: 0028] ...updated weights of 2 clients are successfully averaged!
[INFO](2023/06/13/ 03:48:33 PM) 	 Saving best model, mean dice increased from: 0.0000 to 0.7894
[INFO](2023/06/13/ 03:48:33 PM) 	 Saving to ./global_model
[INFO](2023/06/13/ 03:48:33 PM) [Round: 0028] Evaluate global model's performance...!                
	[Server] ...finished evaluation!                
	=> Loss: 0.2106                
	=> Dice: 78.94%

[INFO](2023/06/13/ 03:48:33 PM) [Round: 0029] Select clients...!
[INFO](2023/06/13/ 03:48:33 PM) [Round: 0029] ...successfully transmitted models to 2 selected clients!
[INFO](2023/06/13/ 03:48:33 PM) [Round: 0029] Start updating selected client 0000...!
[INFO](2023/06/13/ 03:48:33 PM) [Round: 0029] Start updating selected client 0002...!
[INFO](2023/06/13/ 03:53:05 PM) 	[Client 0000] ...finished training!            
	=> Tain loss: 0.0579

[INFO](2023/06/13/ 03:53:05 PM) [Round: 0029] ...client 0000 is selected and updated (with total sample size: 304)! train_loss:0.057916476989262985
[INFO](2023/06/13/ 03:53:26 PM) 	[Client 0002] ...finished training!            
	=> Tain loss: 0.0974

[INFO](2023/06/13/ 03:53:26 PM) [Round: 0029] ...client 0002 is selected and updated (with total sample size: 301)! train_loss:0.09738759902354918
[INFO](2023/06/13/ 03:53:26 PM) [Round: 0029] Evaluate selected 2 clients' models...!
[INFO](2023/06/13/ 03:53:29 PM) 	[Client 0000] ...finished evaluation!            
	=> Test loss: 0.1588            
	=> test_dice: 84.12%

[INFO](2023/06/13/ 03:53:29 PM) 	[Client 0002] ...finished evaluation!            
	=> Test loss: 0.2367            
	=> test_dice: 76.33%

[INFO](2023/06/13/ 03:53:29 PM) [Round: 0029] Aggregate updated weights of 2 clients...!
[INFO](2023/06/13/ 03:53:29 PM) [Round: 0029] ...updated weights of 2 clients are successfully averaged!
[INFO](2023/06/13/ 03:53:31 PM) 	 Saving best model, mean dice increased from: 0.0000 to 0.8002
[INFO](2023/06/13/ 03:53:31 PM) 	 Saving to ./global_model
[INFO](2023/06/13/ 03:53:31 PM) [Round: 0029] Evaluate global model's performance...!                
	[Server] ...finished evaluation!                
	=> Loss: 0.1998                
	=> Dice: 80.02%

[INFO](2023/06/13/ 03:53:31 PM) [Round: 0030] Select clients...!
[INFO](2023/06/13/ 03:53:31 PM) [Round: 0030] ...successfully transmitted models to 2 selected clients!
[INFO](2023/06/13/ 03:53:31 PM) [Round: 0030] Start updating selected client 0000...!
[INFO](2023/06/13/ 03:53:31 PM) [Round: 0030] Start updating selected client 0001...!
[INFO](2023/06/13/ 03:56:59 PM) 	[Client 0000] ...finished training!            
	=> Tain loss: 0.0524

[INFO](2023/06/13/ 03:56:59 PM) [Round: 0030] ...client 0000 is selected and updated (with total sample size: 304)! train_loss:0.052398142257803364
[INFO](2023/06/13/ 03:57:00 PM) 	[Client 0001] ...finished training!            
	=> Tain loss: 0.0588

[INFO](2023/06/13/ 03:57:00 PM) [Round: 0030] ...client 0001 is selected and updated (with total sample size: 300)! train_loss:0.05883018253861289
[INFO](2023/06/13/ 03:57:00 PM) [Round: 0030] Evaluate selected 2 clients' models...!
[INFO](2023/06/13/ 03:57:08 PM) 	[Client 0000] ...finished evaluation!            
	=> Test loss: 0.2142            
	=> test_dice: 78.58%

[INFO](2023/06/13/ 03:57:08 PM) 	[Client 0001] ...finished evaluation!            
	=> Test loss: 0.2564            
	=> test_dice: 74.36%

[INFO](2023/06/13/ 03:57:08 PM) 	 Saving best model, mean dice increased from: 0.7404 to 0.7436
[INFO](2023/06/13/ 03:57:08 PM) 	 Saving to ./fedbestmodels/1/
[INFO](2023/06/13/ 03:57:09 PM) [Round: 0030] Aggregate updated weights of 2 clients...!
[INFO](2023/06/13/ 03:57:09 PM) [Round: 0030] ...updated weights of 2 clients are successfully averaged!
[INFO](2023/06/13/ 03:57:13 PM) 	 Saving best model, mean dice increased from: 0.0000 to 0.7823
[INFO](2023/06/13/ 03:57:13 PM) 	 Saving to ./global_model
[INFO](2023/06/13/ 03:57:13 PM) [Round: 0030] Evaluate global model's performance...!                
	[Server] ...finished evaluation!                
	=> Loss: 0.2177                
	=> Dice: 78.23%

[INFO](2023/06/13/ 03:57:14 PM) [Round: 0030] ...successfully transmitted models to all 3 clients!
[INFO](2023/06/13/ 03:57:14 PM) ...done all learning process!
...exit program!
