[INFO](2023/06/18/ 08:59:37 PM) 
[WELCOME] Unfolding configurations...!
[INFO](2023/06/18/ 08:59:37 PM) {'global_config': {'seed': 500, 'device': 'cuda', 'is_mp': True}}
[INFO](2023/06/18/ 08:59:37 PM) {'data_config': {'data_path': './data/', 'save_img_path': './', 'dataset_name': 'MNIST', 'num_shards': 200, 'iid': False}}
[INFO](2023/06/18/ 08:59:37 PM) {'fed_config': {'C': 0.1, 'K': 3, 'R': 30, 'E': 20, 'B': 8, 'criterion': 'DiceLoss', 'optimizer': 'torch.optim.Adam'}}
[INFO](2023/06/18/ 08:59:37 PM) {'optim_config': {'lr': '1e-5', 'momentum': 0.9}}
[INFO](2023/06/18/ 08:59:37 PM) {'init_config': {'init_type': 'xavier', 'init_gain': 1.0, 'gpu_ids': [0, 1, 2]}}
[INFO](2023/06/18/ 08:59:37 PM) {'model_config': {'name': 'UNet', 'in_channels': 1, 'num_classes': 5}}
[INFO](2023/06/18/ 08:59:37 PM) {'log_config': {'log_path': './log/06.18_20h59/', 'log_name': 'FL.log', 'tb_port': 5252, 'tb_host': '0.0.0.0'}}
[INFO](2023/06/18/ 08:59:41 PM) [Round: 0000] ...successfully initialized model (# parameters: 7774309)!
[INFO](2023/06/18/ 08:59:41 PM) [Round: 0000] ...successfully created all 3 clients!
[INFO](2023/06/18/ 08:59:41 PM) [Round: 0000] ...successfully finished setup of all 3 clients!
[INFO](2023/06/18/ 08:59:41 PM) [Round: 0000] ...successfully transmitted models to all 3 clients!
[INFO](2023/06/18/ 08:59:41 PM) [Round: 0001] Select clients...!
[INFO](2023/06/18/ 08:59:41 PM) [Round: 0001] ...successfully transmitted models to 3 selected clients!
[INFO](2023/06/18/ 08:59:41 PM) [Round: 0001] Start updating selected client 0000...!
[INFO](2023/06/18/ 08:59:41 PM) [Round: 0001] Start updating selected client 0001...!
[INFO](2023/06/18/ 08:59:41 PM) [Round: 0001] Start updating selected client 0002...!
[INFO](2023/06/18/ 09:04:09 PM) 	[Client 0001] ...finished training!            
	=> Tain loss: 0.5668

[INFO](2023/06/18/ 09:04:09 PM) [Round: 0001] ...client 0001 is selected and updated (with total sample size: 300)! train_loss:0.5668400054895564
