[INFO](2023/06/08/ 02:45:20 PM) 
[WELCOME] Unfolding configurations...!
[INFO](2023/06/08/ 02:45:20 PM) {'global_config': {'seed': 500, 'device': 'cuda', 'is_mp': True}}
[INFO](2023/06/08/ 02:45:20 PM) {'data_config': {'data_path': './data/', 'save_img_path': './', 'dataset_name': 'MNIST', 'num_shards': 200, 'iid': False}}
[INFO](2023/06/08/ 02:45:20 PM) {'fed_config': {'C': 0.1, 'K': 3, 'R': 2, 'E': 1, 'B': 4, 'criterion': 'DiceLoss', 'optimizer': 'torch.optim.Adam'}}
[INFO](2023/06/08/ 02:45:20 PM) {'optim_config': {'lr': '2e-4', 'momentum': 0.9}}
[INFO](2023/06/08/ 02:45:20 PM) {'init_config': {'init_type': 'xavier', 'init_gain': 1.0, 'gpu_ids': [0, 1, 2]}}
[INFO](2023/06/08/ 02:45:20 PM) {'model_config': {'name': 'UNet', 'in_channels': 1, 'num_classes': 4}}
[INFO](2023/06/08/ 02:45:20 PM) {'log_config': {'log_path': './log/06.08_14h45/', 'log_name': 'FL.log', 'tb_port': 5252, 'tb_host': '0.0.0.0'}}
[INFO](2023/06/08/ 02:45:21 PM) [Round: 0000] ...successfully initialized model (# parameters: 7765508)!
[INFO](2023/06/08/ 02:45:21 PM) [Round: 0000] ...successfully created all 3 clients!
[INFO](2023/06/08/ 02:45:21 PM) [Round: 0000] ...successfully finished setup of all 3 clients!
[INFO](2023/06/08/ 02:45:21 PM) [Round: 0000] ...successfully transmitted models to all 3 clients!
[INFO](2023/06/08/ 02:45:21 PM) [Round: 0001] Select clients...!
[INFO](2023/06/08/ 02:45:21 PM) [Round: 0001] ...successfully transmitted models to 3 selected clients!
[INFO](2023/06/08/ 02:45:22 PM) [Round: 0001] Start updating selected client 0000...!
[INFO](2023/06/08/ 02:45:22 PM) [Round: 0001] Start updating selected client 0001...!
[INFO](2023/06/08/ 02:45:22 PM) [Round: 0001] Start updating selected client 0002...!
[INFO](2023/06/08/ 02:45:28 PM) [Round: 0001] ...client 0000 is selected and updated (with total sample size: 1)! train_loss:[0.9080095291137695]
[INFO](2023/06/08/ 02:45:28 PM) [Round: 0001] ...client 0001 is selected and updated (with total sample size: 1)! train_loss:[0.9084810614585876]
[INFO](2023/06/08/ 02:45:28 PM) [Round: 0001] ...client 0002 is selected and updated (with total sample size: 1)! train_loss:[0.9084810614585876]
[INFO](2023/06/08/ 02:45:28 PM) [Round: 0001] Evaluate selected 3 clients' models...!
[INFO](2023/06/08/ 02:45:29 PM) 	[Client 0000] ...finished evaluation!            
	=> Test loss: 0.9483            
	=> test_dice: 5.17%

[INFO](2023/06/08/ 02:45:29 PM) 	[Client 0001] ...finished evaluation!            
	=> Test loss: 0.9746            
	=> test_dice: 2.54%

[INFO](2023/06/08/ 02:45:29 PM) 	[Client 0002] ...finished evaluation!            
	=> Test loss: 0.9746            
	=> test_dice: 2.54%

[INFO](2023/06/08/ 02:46:01 PM) 	 Saving best model, mean dice increased from: 0.0000 to 0.0254
[INFO](2023/06/08/ 02:46:01 PM) 	 Saving best model, mean dice increased from: 0.0000 to 0.0517
[INFO](2023/06/08/ 02:46:01 PM) 	 Saving best model, mean dice increased from: 0.0000 to 0.0254
[INFO](2023/06/08/ 02:46:27 PM) 	 Saving to ./fedbestmodels/0/
[INFO](2023/06/08/ 02:46:27 PM) 	 Saving to ./fedbestmodels/2/
[INFO](2023/06/08/ 02:46:27 PM) 	 Saving to ./fedbestmodels/1/
[INFO](2023/06/08/ 02:46:28 PM) [Round: 0001] Aggregate updated weights of 3 clients...!
[INFO](2023/06/08/ 02:46:44 PM) [Round: 0001] ...updated weights of 3 clients are successfully averaged!
